<?xml version="1.0" encoding="UTF-8"?>
<!-- Generated by org.testng.reporters.JUnitReportReporter -->
<testsuite hostname="DESKTOP-US576A8" failures="0" tests="1" name="tests.SimpleTest" time="44.982" errors="0" timestamp="2021-03-10T14:35:45 IST" skipped="0">
  <testcase classname="tests.SimpleTest" name="tc01_simpleTest" time="44.982"/>
  <system-out/>
</testsuite> <!-- tests.SimpleTest -->
