<?xml version="1.0" encoding="UTF-8"?>
<!-- Generated by org.testng.reporters.JUnitReportReporter -->
<testsuite hostname="DESKTOP-US576A8" failures="0" tests="1" name="tests.ChooseProductTest" time="24.057" errors="0" timestamp="2021-03-13T18:09:03 IST" skipped="0">
  <testcase classname="tests.ChooseProductTest" name="tc01_chooseProduct" time="24.057"/>
  <system-out/>
</testsuite> <!-- tests.ChooseProductTest -->
