<?xml version="1.0" encoding="UTF-8"?>
<!-- Generated by org.testng.reporters.JUnitReportReporter -->
<testsuite hostname="DESKTOP-US576A8" failures="0" tests="1" name="tests.DeleteOrderTest" time="36.859" errors="0" timestamp="2021-03-10T19:45:24 IST" skipped="0">
  <testcase classname="tests.DeleteOrderTest" name="tc01_DeleteOrder" time="36.859"/>
  <system-out/>
</testsuite> <!-- tests.DeleteOrderTest -->
